INFO:werkzeug: * Running on http://127.0.0.1:5000/ (Press CTRL+C to quit)
DEBUG:urllib3.connectionpool:Starting new HTTPS connection (1): mobile.twitter.com:443
DEBUG:urllib3.connectionpool:https://mobile.twitter.com:443 "GET /pinkfloyd HTTP/1.1" 200 8037
ERROR:ServerApi:Exception on / [POST]
Traceback (most recent call last):
  File "C:\Users\bianc\Desktop\ASET\FakeNews\ServerComponent\venv\lib\site-packages\flask\app.py", line 1950, in full_dispatch_request
    rv = self.dispatch_request()
  File "C:\Users\bianc\Desktop\ASET\FakeNews\ServerComponent\venv\lib\site-packages\flask\app.py", line 1936, in dispatch_request
    return self.view_functions[rule.endpoint](**req.view_args)
  File "C:\Users\bianc\Desktop\ASET\FakeNews\ServerComponent\venv\lib\site-packages\flask_restful\__init__.py", line 468, in wrapper
    resp = resource(*args, **kwargs)
  File "C:\Users\bianc\Desktop\ASET\FakeNews\ServerComponent\venv\lib\site-packages\flask\views.py", line 89, in view
    return self.dispatch_request(*args, **kwargs)
  File "C:\Users\bianc\Desktop\ASET\FakeNews\ServerComponent\venv\lib\site-packages\flask_restful\__init__.py", line 583, in dispatch_request
    resp = meth(*args, **kwargs)
  File "C:/Users/bianc/Desktop/ASET/FakeNews/ServerComponent/ServerApi.py", line 24, in post
    return {"response": self.myService.analyseRequest(args['html'], args['url'])}
  File "<decorator-gen-1>", line 2, in analyseRequest
  File "C:\Users\bianc\Desktop\ASET\FakeNews\ServerComponent\venv\lib\site-packages\prometheus_client\context_managers.py", line 66, in wrapped
    return func(*args, **kwargs)
  File "C:\Users\bianc\Desktop\ASET\FakeNews\ServerComponent\Services.py", line 24, in analyseRequest
    result = self.analyseTwitterPost(html, url)
  File "C:\Users\bianc\Desktop\ASET\FakeNews\ServerComponent\Services.py", line 33, in analyseTwitterPost
    followers_number = float(TwitterAPI.getFollowers(TwitterAPI.getProfileName(url)).replace(",", ""))
AttributeError: 'int' object has no attribute 'replace'
INFO:werkzeug:127.0.0.1 - - [14/Dec/2020 19:59:42] "[35m[1mPOST / HTTP/1.1[0m" 500 -
